<?xml version="1.0" encoding="UTF-8"?>
<testsuite xmlns:xsi="http://www.w3.org/2001/XMLSchema-instance" xsi:noNamespaceSchemaLocation="https://maven.apache.org/surefire/maven-surefire-plugin/xsd/surefire-test-report-3.0.xsd" version="3.0" name="exerciseOneTest.ExerciseOneTest" time="2.416" tests="4" errors="0" skipped="0" failures="1">
  <properties>
    <property name="java.specification.version" value="21"/>
    <property name="sun.cpu.isalist" value="amd64"/>
    <property name="sun.jnu.encoding" value="Cp1252"/>
    <property name="java.class.path" value="C:\Users\THOMPSON ANIGBO\eclipse-workspace\Retake_Agile_Cloud_Automation\target\test-classes;C:\Users\THOMPSON ANIGBO\eclipse-workspace\Retake_Agile_Cloud_Automation\target\classes;C:\Users\THOMPSON ANIGBO\.m2\repository\org\mongodb\mongodb-driver-sync\4.11.1\mongodb-driver-sync-4.11.1.jar;C:\Users\THOMPSON ANIGBO\.m2\repository\org\mongodb\bson\4.11.1\bson-4.11.1.jar;C:\Users\THOMPSON ANIGBO\.m2\repository\org\mongodb\mongodb-driver-core\4.11.1\mongodb-driver-core-4.11.1.jar;C:\Users\THOMPSON ANIGBO\.m2\repository\org\mongodb\bson-record-codec\4.11.1\bson-record-codec-4.11.1.jar;C:\Users\THOMPSON ANIGBO\.m2\repository\org\junit\jupiter\junit-jupiter-api\5.10.2\junit-jupiter-api-5.10.2.jar;C:\Users\THOMPSON ANIGBO\.m2\repository\org\opentest4j\opentest4j\1.3.0\opentest4j-1.3.0.jar;C:\Users\THOMPSON ANIGBO\.m2\repository\org\junit\platform\junit-platform-commons\1.10.2\junit-platform-commons-1.10.2.jar;C:\Users\THOMPSON ANIGBO\.m2\repository\org\apiguardian\apiguardian-api\1.1.2\apiguardian-api-1.1.2.jar;C:\Users\THOMPSON ANIGBO\.m2\repository\org\junit\jupiter\junit-jupiter-engine\5.10.2\junit-jupiter-engine-5.10.2.jar;C:\Users\THOMPSON ANIGBO\.m2\repository\org\junit\platform\junit-platform-engine\1.10.2\junit-platform-engine-1.10.2.jar;C:\Users\THOMPSON ANIGBO\.m2\repository\ch\qos\logback\logback-classic\1.4.14\logback-classic-1.4.14.jar;C:\Users\THOMPSON ANIGBO\.m2\repository\ch\qos\logback\logback-core\1.4.14\logback-core-1.4.14.jar;C:\Users\THOMPSON ANIGBO\.m2\repository\org\codehaus\groovy\groovy-json\3.0.9\groovy-json-3.0.9.jar;C:\Users\THOMPSON ANIGBO\.m2\repository\org\codehaus\groovy\groovy\3.0.9\groovy-3.0.9.jar;C:\Users\THOMPSON ANIGBO\.m2\repository\org\slf4j\slf4j-api\2.1.0-alpha1\slf4j-api-2.1.0-alpha1.jar;C:\Users\THOMPSON ANIGBO\.m2\repository\org\slf4j\slf4j-simple\1.7.32\slf4j-simple-1.7.32.jar;C:\Users\THOMPSON ANIGBO\.m2\repository\junit\junit\4.13\junit-4.13.jar;C:\Users\THOMPSON ANIGBO\.m2\repository\org\hamcrest\hamcrest-core\1.3\hamcrest-core-1.3.jar;"/>
    <property name="java.vm.vendor" value="Oracle Corporation"/>
    <property name="sun.arch.data.model" value="64"/>
    <property name="user.variant" value=""/>
    <property name="java.vendor.url" value="https://java.oracle.com/"/>
    <property name="user.timezone" value="Europe/London"/>
    <property name="user.country.format" value="NG"/>
    <property name="os.name" value="Windows 11"/>
    <property name="java.vm.specification.version" value="21"/>
    <property name="sun.java.launcher" value="SUN_STANDARD"/>
    <property name="user.country" value="GB"/>
    <property name="sun.boot.library.path" value="C:\Program Files\Java\jdk-21\bin"/>
    <property name="sun.java.command" value="C:\Users\THOMPSON ANIGBO\AppData\Local\Temp\surefire11180855328391625384\surefirebooter-20240421154946946_3.jar C:\Users\THOMPSON ANIGBO\AppData\Local\Temp\surefire11180855328391625384 2024-04-21T15-49-46_778-jvmRun1 surefire-20240421154946946_1tmp surefire_0-20240421154946946_2tmp"/>
    <property name="jdk.debug" value="release"/>
    <property name="surefire.test.class.path" value="C:\Users\THOMPSON ANIGBO\eclipse-workspace\Retake_Agile_Cloud_Automation\target\test-classes;C:\Users\THOMPSON ANIGBO\eclipse-workspace\Retake_Agile_Cloud_Automation\target\classes;C:\Users\THOMPSON ANIGBO\.m2\repository\org\mongodb\mongodb-driver-sync\4.11.1\mongodb-driver-sync-4.11.1.jar;C:\Users\THOMPSON ANIGBO\.m2\repository\org\mongodb\bson\4.11.1\bson-4.11.1.jar;C:\Users\THOMPSON ANIGBO\.m2\repository\org\mongodb\mongodb-driver-core\4.11.1\mongodb-driver-core-4.11.1.jar;C:\Users\THOMPSON ANIGBO\.m2\repository\org\mongodb\bson-record-codec\4.11.1\bson-record-codec-4.11.1.jar;C:\Users\THOMPSON ANIGBO\.m2\repository\org\junit\jupiter\junit-jupiter-api\5.10.2\junit-jupiter-api-5.10.2.jar;C:\Users\THOMPSON ANIGBO\.m2\repository\org\opentest4j\opentest4j\1.3.0\opentest4j-1.3.0.jar;C:\Users\THOMPSON ANIGBO\.m2\repository\org\junit\platform\junit-platform-commons\1.10.2\junit-platform-commons-1.10.2.jar;C:\Users\THOMPSON ANIGBO\.m2\repository\org\apiguardian\apiguardian-api\1.1.2\apiguardian-api-1.1.2.jar;C:\Users\THOMPSON ANIGBO\.m2\repository\org\junit\jupiter\junit-jupiter-engine\5.10.2\junit-jupiter-engine-5.10.2.jar;C:\Users\THOMPSON ANIGBO\.m2\repository\org\junit\platform\junit-platform-engine\1.10.2\junit-platform-engine-1.10.2.jar;C:\Users\THOMPSON ANIGBO\.m2\repository\ch\qos\logback\logback-classic\1.4.14\logback-classic-1.4.14.jar;C:\Users\THOMPSON ANIGBO\.m2\repository\ch\qos\logback\logback-core\1.4.14\logback-core-1.4.14.jar;C:\Users\THOMPSON ANIGBO\.m2\repository\org\codehaus\groovy\groovy-json\3.0.9\groovy-json-3.0.9.jar;C:\Users\THOMPSON ANIGBO\.m2\repository\org\codehaus\groovy\groovy\3.0.9\groovy-3.0.9.jar;C:\Users\THOMPSON ANIGBO\.m2\repository\org\slf4j\slf4j-api\2.1.0-alpha1\slf4j-api-2.1.0-alpha1.jar;C:\Users\THOMPSON ANIGBO\.m2\repository\org\slf4j\slf4j-simple\1.7.32\slf4j-simple-1.7.32.jar;C:\Users\THOMPSON ANIGBO\.m2\repository\junit\junit\4.13\junit-4.13.jar;C:\Users\THOMPSON ANIGBO\.m2\repository\org\hamcrest\hamcrest-core\1.3\hamcrest-core-1.3.jar;"/>
    <property name="sun.cpu.endian" value="little"/>
    <property name="user.home" value="C:\Users\THOMPSON ANIGBO"/>
    <property name="user.language" value="en"/>
    <property name="java.specification.vendor" value="Oracle Corporation"/>
    <property name="java.version.date" value="2023-09-19"/>
    <property name="java.home" value="C:\Program Files\Java\jdk-21"/>
    <property name="file.separator" value="\"/>
    <property name="basedir" value="C:\Users\THOMPSON ANIGBO\eclipse-workspace\Retake_Agile_Cloud_Automation"/>
    <property name="java.vm.compressedOopsMode" value="32-bit"/>
    <property name="line.separator" value="&#10;"/>
    <property name="java.vm.specification.vendor" value="Oracle Corporation"/>
    <property name="java.specification.name" value="Java Platform API Specification"/>
    <property name="surefire.real.class.path" value="C:\Users\THOMPSON ANIGBO\AppData\Local\Temp\surefire11180855328391625384\surefirebooter-20240421154946946_3.jar"/>
    <property name="user.script" value=""/>
    <property name="sun.management.compiler" value="HotSpot 64-Bit Tiered Compilers"/>
    <property name="java.runtime.version" value="21+35-LTS-2513"/>
    <property name="user.name" value="THOMPSON ANIGBO"/>
    <property name="stdout.encoding" value="Cp1252"/>
    <property name="path.separator" value=";"/>
    <property name="os.version" value="10.0"/>
    <property name="java.runtime.name" value="Java(TM) SE Runtime Environment"/>
    <property name="file.encoding" value="UTF-8"/>
    <property name="java.vm.name" value="Java HotSpot(TM) 64-Bit Server VM"/>
    <property name="localRepository" value="C:\Users\THOMPSON ANIGBO\.m2\repository"/>
    <property name="java.vendor.url.bug" value="https://bugreport.java.com/bugreport/"/>
    <property name="java.io.tmpdir" value="C:\Users\THOMPS~1\AppData\Local\Temp\"/>
    <property name="java.version" value="21"/>
    <property name="user.dir" value="C:\Users\THOMPSON ANIGBO\eclipse-workspace\Retake_Agile_Cloud_Automation"/>
    <property name="os.arch" value="amd64"/>
    <property name="java.vm.specification.name" value="Java Virtual Machine Specification"/>
    <property name="sun.os.patch.level" value=""/>
    <property name="native.encoding" value="Cp1252"/>
    <property name="java.library.path" value="C:\Program Files\Java\jdk-21\bin;C:\WINDOWS\Sun\Java\bin;C:\WINDOWS\system32;C:\WINDOWS;C:\Program Files\Common Files\Oracle\Java\javapath;C:\Users\THOMPSON ANIGBO\Downloads\change-file-type-main\change-file-type-main\ImageMagick-7.1.1-Q16-HDRI;C:\Program Files (x86)\Common Files\Oracle\Java\javapath;C:\Program Files\Microsoft MPI\Bin\;C:\Python311\Scripts\;C:\Python311\;C:\WINDOWS\system32;C:\WINDOWS;C:\WINDOWS\System32\Wbem;C:\WINDOWS\System32\WindowsPowerShell\v1.0\;C:\WINDOWS\System32\OpenSSH\;C:\Program Files (x86)\PuTTY\;C:\Program Files\Microsoft SQL Server\Client SDK\ODBC\170\Tools\Binn\;C:\Program Files (x86)\Microsoft SQL Server\150\Tools\Binn\;C:\Program Files\Microsoft SQL Server\150\Tools\Binn\;C:\Program Files\Microsoft SQL Server\150\DTS\Binn\;C:\ProgramData\chocolatey\bin;C:\Program Files (x86)\Microsoft SQL Server\160\Tools\Binn\;C:\Program Files\Microsoft SQL Server\160\Tools\Binn\;C:\Program Files\Microsoft SQL Server\160\DTS\Binn\;C:\ProgramData\ComposerSetup\bin;C:\Users\THOMPSON ANIGBO\Downloads\change-file-type-main\change-file-type-main\change_file_type\controller\pythonProject\wkhtmltopdf\bin\wkhtmltopdf.exe;C:\Users\THOMPSON ANIGBO\Downloads\change-file-type-main\change-file-type-main\change_file_type\controller\pythonProject\wkhtmltopdf\bin;C:\Program Files\nodejs\;C:\Users\THOMPSON ANIGBO\Downloads\File-conversion--main (1)\File-conversion--main\src\change-file-type-main\change_file_type\node_modules\.bin;C:\Program Files\Java\jdk-21\bin;C:\Users\THOMPSON ANIGBO\AppData\Local\Programs\Python\Python39;C:\Program Files\Amazon\AWSCLIV2\;C:\Program Files\gs\gs10.02.1\bin;C:\Program Files\gs\gs10.02.1\bin\gswin64c;C:\Program Files (x86)\PDFtk\bin\;C:\Program Files (x86)\PDFtk\bin;C:\Program Files (x86)\PDFtk\bin\pdftk;C:\Users\THOMPSON ANIGBO\AppData\Local\Pandoc\pandoc;C:\Program Files\Calibre2\ebook-convert;C:\Program Files\LibreOffice\program\soffice.com;C:\FFMPEG\bin;C:\Program Files\LibreOffice\program\soffice;C:\Program Files\php-8.3.4;C:\Program Files (x86)\Microsoft SQL Server\160\DTS\Binn\;C:\Program Files\apache-maven-3.9.6\bin;C:\Users\THOMPSON ANIGBO\AppData\Local\Microsoft\WindowsApps;C:\Program Files\Azure Data Studio\bin;C:\Users\THOMPSON ANIGBO\AppData\Local\Programs\Microsoft VS Code\bin;C:\Users\THOMPSON ANIGBO\AppData\Roaming\Composer\vendor\bin;C:\Users\THOMPSON ANIGBO\AppData\Roaming\npm;C:\Users\THOMPSON ANIGBO\AppData\Local\Pandoc\;C:\Users\THOMPSON ANIGBO\Downloads\gradle-8.5-bin\gradle-8.5\bin;;."/>
    <property name="java.vm.info" value="mixed mode, sharing"/>
    <property name="stderr.encoding" value="Cp1252"/>
    <property name="java.vendor" value="Oracle Corporation"/>
    <property name="java.vm.version" value="21+35-LTS-2513"/>
    <property name="sun.io.unicode.encoding" value="UnicodeLittle"/>
    <property name="java.class.version" value="65.0"/>
  </properties>
  <testcase name="testFilteredDocumentsQuery" classname="exerciseOneTest.ExerciseOneTest" time="1.33">
    <system-out><![CDATA[15:49:48.110 [cluster-ClusterId{value='6625278cb6cf3a169c591386', description='null'}-srv-cluster0.kybkuyh.mongodb.net] INFO org.mongodb.driver.cluster -- Adding discovered server ac-2czifua-shard-00-01.kybkuyh.mongodb.net:27017 to client view of cluster
15:49:48.129 [main] INFO org.mongodb.driver.client -- MongoClient with metadata {"driver": {"name": "mongo-java-driver|sync", "version": "4.11.1"}, "os": {"type": "Windows", "name": "Windows 11", "architecture": "amd64", "version": "10.0"}, "platform": "Java/Oracle Corporation/21+35-LTS-2513"} created with settings MongoClientSettings{readPreference=primary, writeConcern=WriteConcern{w=majority, wTimeout=null ms, journal=null}, retryWrites=true, retryReads=true, readConcern=ReadConcern{level=null}, credential=MongoCredential{mechanism=null, userName='anigbojohnsona', source='admin', password=<hidden>, mechanismProperties=<hidden>}, transportSettings=null, streamFactoryFactory=null, commandListeners=[], codecRegistry=ProvidersCodecRegistry{codecProviders=[ValueCodecProvider{}, BsonValueCodecProvider{}, DBRefCodecProvider{}, DBObjectCodecProvider{}, DocumentCodecProvider{}, CollectionCodecProvider{}, IterableCodecProvider{}, MapCodecProvider{}, GeoJsonCodecProvider{}, GridFSFileCodecProvider{}, Jsr310CodecProvider{}, JsonObjectCodecProvider{}, BsonCodecProvider{}, EnumCodecProvider{}, com.mongodb.client.model.mql.ExpressionCodecProvider@4f2613d1, com.mongodb.Jep395RecordCodecProvider@6d24ffa1, com.mongodb.KotlinCodecProvider@65a4798f]}, loggerSettings=LoggerSettings{maxDocumentLength=1000}, clusterSettings={hosts=[127.0.0.1:27017], srvHost=cluster0.kybkuyh.mongodb.net, srvServiceName=mongodb, mode=MULTIPLE, requiredClusterType=REPLICA_SET, requiredReplicaSetName='atlas-sgyai4-shard-0', serverSelector='null', clusterListeners='[]', serverSelectionTimeout='30000 ms', localThreshold='15 ms'}, socketSettings=SocketSettings{connectTimeoutMS=10000, readTimeoutMS=0, receiveBufferSize=0, proxySettings=ProxySettings{host=null, port=null, username=null, password=null}}, heartbeatSocketSettings=SocketSettings{connectTimeoutMS=10000, readTimeoutMS=10000, receiveBufferSize=0, proxySettings=ProxySettings{host=null, port=null, username=null, password=null}}, connectionPoolSettings=ConnectionPoolSettings{maxSize=100, minSize=0, maxWaitTimeMS=120000, maxConnectionLifeTimeMS=0, maxConnectionIdleTimeMS=0, maintenanceInitialDelayMS=0, maintenanceFrequencyMS=60000, connectionPoolListeners=[], maxConnecting=2}, serverSettings=ServerSettings{heartbeatFrequencyMS=10000, minHeartbeatFrequencyMS=500, serverListeners='[]', serverMonitorListeners='[]'}, sslSettings=SslSettings{enabled=true, invalidHostNameAllowed=false, context=null}, applicationName='null', compressorList=[], uuidRepresentation=UNSPECIFIED, serverApi=null, autoEncryptionSettings=null, dnsClient=null, inetAddressResolver=null, contextProvider=null}
15:49:48.134 [cluster-ClusterId{value='6625278cb6cf3a169c591386', description='null'}-srv-cluster0.kybkuyh.mongodb.net] DEBUG org.mongodb.driver.connection -- Connection pool created for ac-2czifua-shard-00-01.kybkuyh.mongodb.net:27017 using options maxIdleTimeMS=0, minPoolSize=0, maxPoolSize=100, maxConnecting=2, waitQueueTimeoutMS=120000
15:49:48.149 [cluster-ClusterId{value='6625278cb6cf3a169c591386', description='null'}-srv-cluster0.kybkuyh.mongodb.net] INFO org.mongodb.driver.cluster -- Adding discovered server ac-2czifua-shard-00-02.kybkuyh.mongodb.net:27017 to client view of cluster
15:49:48.151 [cluster-ClusterId{value='6625278cb6cf3a169c591386', description='null'}-srv-cluster0.kybkuyh.mongodb.net] DEBUG org.mongodb.driver.connection -- Connection pool created for ac-2czifua-shard-00-02.kybkuyh.mongodb.net:27017 using options maxIdleTimeMS=0, minPoolSize=0, maxPoolSize=100, maxConnecting=2, waitQueueTimeoutMS=120000
15:49:48.152 [cluster-ClusterId{value='6625278cb6cf3a169c591386', description='null'}-srv-cluster0.kybkuyh.mongodb.net] INFO org.mongodb.driver.cluster -- Adding discovered server ac-2czifua-shard-00-00.kybkuyh.mongodb.net:27017 to client view of cluster
15:49:48.155 [cluster-ClusterId{value='6625278cb6cf3a169c591386', description='null'}-srv-cluster0.kybkuyh.mongodb.net] DEBUG org.mongodb.driver.connection -- Connection pool created for ac-2czifua-shard-00-00.kybkuyh.mongodb.net:27017 using options maxIdleTimeMS=0, minPoolSize=0, maxPoolSize=100, maxConnecting=2, waitQueueTimeoutMS=120000
15:49:48.156 [cluster-ClusterId{value='6625278cb6cf3a169c591386', description='null'}-srv-cluster0.kybkuyh.mongodb.net] DEBUG org.mongodb.driver.cluster -- Updating cluster description to  {type=REPLICA_SET, servers=[{address=ac-2czifua-shard-00-01.kybkuyh.mongodb.net:27017, type=UNKNOWN, state=CONNECTING}, {address=ac-2czifua-shard-00-00.kybkuyh.mongodb.net:27017, type=UNKNOWN, state=CONNECTING}, {address=ac-2czifua-shard-00-02.kybkuyh.mongodb.net:27017, type=UNKNOWN, state=CONNECTING}]
15:49:48.280 [main] INFO org.mongodb.driver.cluster -- No server chosen by WritableServerSelector from cluster description ClusterDescription{type=REPLICA_SET, connectionMode=MULTIPLE, serverDescriptions=[ServerDescription{address=ac-2czifua-shard-00-01.kybkuyh.mongodb.net:27017, type=UNKNOWN, state=CONNECTING}, ServerDescription{address=ac-2czifua-shard-00-00.kybkuyh.mongodb.net:27017, type=UNKNOWN, state=CONNECTING}, ServerDescription{address=ac-2czifua-shard-00-02.kybkuyh.mongodb.net:27017, type=UNKNOWN, state=CONNECTING}]}. Waiting for 30000 ms before timing out
15:49:48.813 [cluster-ClusterId{value='6625278cb6cf3a169c591386', description='null'}-ac-2czifua-shard-00-01.kybkuyh.mongodb.net:27017] INFO org.mongodb.driver.cluster -- Monitor thread successfully connected to server with description ServerDescription{address=ac-2czifua-shard-00-01.kybkuyh.mongodb.net:27017, type=REPLICA_SET_PRIMARY, state=CONNECTED, ok=true, minWireVersion=0, maxWireVersion=21, maxDocumentSize=16777216, logicalSessionTimeoutMinutes=30, roundTripTimeNanos=366620300, setName='atlas-sgyai4-shard-0', canonicalAddress=ac-2czifua-shard-00-01.kybkuyh.mongodb.net:27017, hosts=[ac-2czifua-shard-00-00.kybkuyh.mongodb.net:27017, ac-2czifua-shard-00-01.kybkuyh.mongodb.net:27017, ac-2czifua-shard-00-02.kybkuyh.mongodb.net:27017], passives=[], arbiters=[], primary='ac-2czifua-shard-00-01.kybkuyh.mongodb.net:27017', tagSet=TagSet{[Tag{name='availabilityZone', value='euw1-az2'}, Tag{name='diskState', value='READY'}, Tag{name='nodeType', value='ELECTABLE'}, Tag{name='provider', value='AWS'}, Tag{name='region', value='EU_WEST_1'}, Tag{name='workloadType', value='OPERATIONAL'}]}, electionId=7fffffff000000000000008b, setVersion=9, topologyVersion=TopologyVersion{processId=66211cc1f943bac7cc02d9e1, counter=6}, lastWriteDate=Sun Apr 21 15:49:48 BST 2024, lastUpdateTimeNanos=35356895011100}
15:49:48.813 [cluster-ClusterId{value='6625278cb6cf3a169c591386', description='null'}-ac-2czifua-shard-00-02.kybkuyh.mongodb.net:27017] INFO org.mongodb.driver.cluster -- Monitor thread successfully connected to server with description ServerDescription{address=ac-2czifua-shard-00-02.kybkuyh.mongodb.net:27017, type=REPLICA_SET_SECONDARY, state=CONNECTED, ok=true, minWireVersion=0, maxWireVersion=21, maxDocumentSize=16777216, logicalSessionTimeoutMinutes=30, roundTripTimeNanos=370932200, setName='atlas-sgyai4-shard-0', canonicalAddress=ac-2czifua-shard-00-02.kybkuyh.mongodb.net:27017, hosts=[ac-2czifua-shard-00-00.kybkuyh.mongodb.net:27017, ac-2czifua-shard-00-01.kybkuyh.mongodb.net:27017, ac-2czifua-shard-00-02.kybkuyh.mongodb.net:27017], passives=[], arbiters=[], primary='ac-2czifua-shard-00-01.kybkuyh.mongodb.net:27017', tagSet=TagSet{[Tag{name='availabilityZone', value='euw1-az3'}, Tag{name='diskState', value='READY'}, Tag{name='nodeType', value='ELECTABLE'}, Tag{name='provider', value='AWS'}, Tag{name='region', value='EU_WEST_1'}, Tag{name='workloadType', value='OPERATIONAL'}]}, electionId=null, setVersion=9, topologyVersion=TopologyVersion{processId=66211f180fa0df55c8b05764, counter=3}, lastWriteDate=Sun Apr 21 15:49:48 BST 2024, lastUpdateTimeNanos=35356895011100}
15:49:48.813 [cluster-ClusterId{value='6625278cb6cf3a169c591386', description='null'}-ac-2czifua-shard-00-00.kybkuyh.mongodb.net:27017] INFO org.mongodb.driver.cluster -- Monitor thread successfully connected to server with description ServerDescription{address=ac-2czifua-shard-00-00.kybkuyh.mongodb.net:27017, type=REPLICA_SET_SECONDARY, state=CONNECTED, ok=true, minWireVersion=0, maxWireVersion=21, maxDocumentSize=16777216, logicalSessionTimeoutMinutes=30, roundTripTimeNanos=366620300, setName='atlas-sgyai4-shard-0', canonicalAddress=ac-2czifua-shard-00-00.kybkuyh.mongodb.net:27017, hosts=[ac-2czifua-shard-00-00.kybkuyh.mongodb.net:27017, ac-2czifua-shard-00-01.kybkuyh.mongodb.net:27017, ac-2czifua-shard-00-02.kybkuyh.mongodb.net:27017], passives=[], arbiters=[], primary='ac-2czifua-shard-00-01.kybkuyh.mongodb.net:27017', tagSet=TagSet{[Tag{name='availabilityZone', value='euw1-az1'}, Tag{name='diskState', value='READY'}, Tag{name='nodeType', value='ELECTABLE'}, Tag{name='provider', value='AWS'}, Tag{name='region', value='EU_WEST_1'}, Tag{name='workloadType', value='OPERATIONAL'}]}, electionId=null, setVersion=9, topologyVersion=TopologyVersion{processId=66211ad7527badfd16f15c92, counter=4}, lastWriteDate=Sun Apr 21 15:49:48 BST 2024, lastUpdateTimeNanos=35356895011100}
15:49:48.815 [cluster-ClusterId{value='6625278cb6cf3a169c591386', description='null'}-ac-2czifua-shard-00-02.kybkuyh.mongodb.net:27017] DEBUG org.mongodb.driver.connection -- Connection pool ready for ac-2czifua-shard-00-02.kybkuyh.mongodb.net:27017
15:49:48.818 [cluster-ClusterId{value='6625278cb6cf3a169c591386', description='null'}-ac-2czifua-shard-00-02.kybkuyh.mongodb.net:27017] DEBUG org.mongodb.driver.cluster -- Updating cluster description to  {type=REPLICA_SET, servers=[{address=ac-2czifua-shard-00-01.kybkuyh.mongodb.net:27017, type=UNKNOWN, state=CONNECTING}, {address=ac-2czifua-shard-00-00.kybkuyh.mongodb.net:27017, type=UNKNOWN, state=CONNECTING}, {address=ac-2czifua-shard-00-02.kybkuyh.mongodb.net:27017, type=REPLICA_SET_SECONDARY, TagSet{[Tag{name='availabilityZone', value='euw1-az3'}, Tag{name='diskState', value='READY'}, Tag{name='nodeType', value='ELECTABLE'}, Tag{name='provider', value='AWS'}, Tag{name='region', value='EU_WEST_1'}, Tag{name='workloadType', value='OPERATIONAL'}]}, roundTripTime=370.9 ms, state=CONNECTED}]
15:49:48.819 [cluster-ClusterId{value='6625278cb6cf3a169c591386', description='null'}-ac-2czifua-shard-00-02.kybkuyh.mongodb.net:27017] DEBUG org.mongodb.driver.cluster -- Checking status of ac-2czifua-shard-00-02.kybkuyh.mongodb.net:27017
15:49:48.819 [cluster-ClusterId{value='6625278cb6cf3a169c591386', description='null'}-ac-2czifua-shard-00-01.kybkuyh.mongodb.net:27017] DEBUG org.mongodb.driver.connection -- Connection pool ready for ac-2czifua-shard-00-01.kybkuyh.mongodb.net:27017
15:49:48.819 [cluster-ClusterId{value='6625278cb6cf3a169c591386', description='null'}-ac-2czifua-shard-00-01.kybkuyh.mongodb.net:27017] INFO org.mongodb.driver.cluster -- Discovered replica set primary ac-2czifua-shard-00-01.kybkuyh.mongodb.net:27017 with max election id 7fffffff000000000000008b and max set version 9
15:49:48.819 [cluster-ClusterId{value='6625278cb6cf3a169c591386', description='null'}-ac-2czifua-shard-00-01.kybkuyh.mongodb.net:27017] DEBUG org.mongodb.driver.cluster -- Updating cluster description to  {type=REPLICA_SET, servers=[{address=ac-2czifua-shard-00-01.kybkuyh.mongodb.net:27017, type=REPLICA_SET_PRIMARY, TagSet{[Tag{name='availabilityZone', value='euw1-az2'}, Tag{name='diskState', value='READY'}, Tag{name='nodeType', value='ELECTABLE'}, Tag{name='provider', value='AWS'}, Tag{name='region', value='EU_WEST_1'}, Tag{name='workloadType', value='OPERATIONAL'}]}, roundTripTime=366.6 ms, state=CONNECTED}, {address=ac-2czifua-shard-00-00.kybkuyh.mongodb.net:27017, type=UNKNOWN, state=CONNECTING}, {address=ac-2czifua-shard-00-02.kybkuyh.mongodb.net:27017, type=REPLICA_SET_SECONDARY, TagSet{[Tag{name='availabilityZone', value='euw1-az3'}, Tag{name='diskState', value='READY'}, Tag{name='nodeType', value='ELECTABLE'}, Tag{name='provider', value='AWS'}, Tag{name='region', value='EU_WEST_1'}, Tag{name='workloadType', value='OPERATIONAL'}]}, roundTripTime=370.9 ms, state=CONNECTED}]
15:49:48.819 [cluster-ClusterId{value='6625278cb6cf3a169c591386', description='null'}-ac-2czifua-shard-00-01.kybkuyh.mongodb.net:27017] DEBUG org.mongodb.driver.cluster -- Checking status of ac-2czifua-shard-00-01.kybkuyh.mongodb.net:27017
15:49:48.819 [cluster-ClusterId{value='6625278cb6cf3a169c591386', description='null'}-ac-2czifua-shard-00-00.kybkuyh.mongodb.net:27017] DEBUG org.mongodb.driver.connection -- Connection pool ready for ac-2czifua-shard-00-00.kybkuyh.mongodb.net:27017
15:49:48.820 [cluster-ClusterId{value='6625278cb6cf3a169c591386', description='null'}-ac-2czifua-shard-00-00.kybkuyh.mongodb.net:27017] DEBUG org.mongodb.driver.cluster -- Updating cluster description to  {type=REPLICA_SET, servers=[{address=ac-2czifua-shard-00-01.kybkuyh.mongodb.net:27017, type=REPLICA_SET_PRIMARY, TagSet{[Tag{name='availabilityZone', value='euw1-az2'}, Tag{name='diskState', value='READY'}, Tag{name='nodeType', value='ELECTABLE'}, Tag{name='provider', value='AWS'}, Tag{name='region', value='EU_WEST_1'}, Tag{name='workloadType', value='OPERATIONAL'}]}, roundTripTime=366.6 ms, state=CONNECTED}, {address=ac-2czifua-shard-00-00.kybkuyh.mongodb.net:27017, type=REPLICA_SET_SECONDARY, TagSet{[Tag{name='availabilityZone', value='euw1-az1'}, Tag{name='diskState', value='READY'}, Tag{name='nodeType', value='ELECTABLE'}, Tag{name='provider', value='AWS'}, Tag{name='region', value='EU_WEST_1'}, Tag{name='workloadType', value='OPERATIONAL'}]}, roundTripTime=366.6 ms, state=CONNECTED}, {address=ac-2czifua-shard-00-02.kybkuyh.mongodb.net:27017, type=REPLICA_SET_SECONDARY, TagSet{[Tag{name='availabilityZone', value='euw1-az3'}, Tag{name='diskState', value='READY'}, Tag{name='nodeType', value='ELECTABLE'}, Tag{name='provider', value='AWS'}, Tag{name='region', value='EU_WEST_1'}, Tag{name='workloadType', value='OPERATIONAL'}]}, roundTripTime=370.9 ms, state=CONNECTED}]
15:49:48.820 [cluster-ClusterId{value='6625278cb6cf3a169c591386', description='null'}-ac-2czifua-shard-00-00.kybkuyh.mongodb.net:27017] DEBUG org.mongodb.driver.cluster -- Checking status of ac-2czifua-shard-00-00.kybkuyh.mongodb.net:27017
15:49:48.821 [main] DEBUG org.mongodb.driver.connection -- Checkout started for connection to ac-2czifua-shard-00-01.kybkuyh.mongodb.net:27017
15:49:48.825 [main] DEBUG org.mongodb.driver.connection -- Connection created: address=ac-2czifua-shard-00-01.kybkuyh.mongodb.net:27017, driver-generated ID=7
15:49:49.076 [main] DEBUG org.mongodb.driver.connection -- Connection ready: address=ac-2czifua-shard-00-01.kybkuyh.mongodb.net:27017, driver-generated ID=7, established in=251 ms
15:49:49.078 [main] DEBUG org.mongodb.driver.connection -- Connection checked out: address=ac-2czifua-shard-00-01.kybkuyh.mongodb.net:27017, driver-generated ID=7, duration=256 ms
15:49:49.085 [main] DEBUG org.mongodb.driver.operation -- retryWrites set but one or more writeRequests do not support retryable writes
15:49:49.102 [main] DEBUG org.mongodb.driver.protocol.command -- Command "delete" started on database "testDatabase" using a connection with driver-generated ID 7 and server-generated ID 279020 to ac-2czifua-shard-00-01.kybkuyh.mongodb.net:27017. The request ID is 13 and the operation ID is 1. Command: {"delete": "currency", "ordered": true, "writeConcern": {"w": "majority"}, "$db": "testDatabase", "lsid": {"id": {"$binary": {"base64": "ssYMYzdyQsO9JcutxeHr6w==", "subType": "04"}}}, "deletes": [{"q": {}, "limit": 0}]}
15:49:49.143 [main] DEBUG org.mongodb.driver.protocol.command -- Command "delete" succeeded on database "testDatabase" in 45.2249 ms using a connection with driver-generated ID 7 and server-generated ID 279020 to ac-2czifua-shard-00-01.kybkuyh.mongodb.net:27017. The request ID is 13 and the operation ID is 1. Command reply: {"n": 2, "electionId": {"$oid": "7fffffff000000000000008b"}, "opTime": {"ts": {"$timestamp": {"t": 1713710989, "i": 8}}, "t": 139}, "ok": 1.0, "$clusterTime": {"clusterTime": {"$timestamp": {"t": 1713710989, "i": 9}}, "signature": {"hash": {"$binary": {"base64": "FL8VriHPu+Y7fPada8cNX1NWWWI=", "subType": "00"}}, "keyId": 7304290647962288130}}, "operationTime": {"$timestamp": {"t": 1713710989, "i": 8}}}
15:49:49.146 [main] DEBUG org.mongodb.driver.connection -- Connection checked in: address=ac-2czifua-shard-00-01.kybkuyh.mongodb.net:27017, driver-generated ID=7
15:49:49.312 [main] DEBUG org.mongodb.driver.connection -- Checkout started for connection to ac-2czifua-shard-00-01.kybkuyh.mongodb.net:27017
15:49:49.312 [main] DEBUG org.mongodb.driver.connection -- Connection checked out: address=ac-2czifua-shard-00-01.kybkuyh.mongodb.net:27017, driver-generated ID=7, duration=0 ms
15:49:49.318 [main] DEBUG org.mongodb.driver.protocol.command -- Command "insert" started on database "testDatabase" using a connection with driver-generated ID 7 and server-generated ID 279020 to ac-2czifua-shard-00-01.kybkuyh.mongodb.net:27017. The request ID is 14 and the operation ID is 11. Command: {"insert": "currency", "ordered": true, "writeConcern": {"w": "majority"}, "txnNumber": 1, "$db": "testDatabase", "$clusterTime": {"clusterTime": {"$timestamp": {"t": 1713710989, "i": 9}}, "signature": {"hash": {"$binary": {"base64": "FL8VriHPu+Y7fPada8cNX1NWWWI=", "subType": "00"}}, "keyId": 7304290647962288130}}, "lsid": {"id": {"$binary": {"base64": "ssYMYzdyQsO9JcutxeHr6w==", "subType": "04"}}}, "documents": [{"_id": {"$oid": "6625278db6cf3a169c591387"}, "code": "SampleCode1", "rate": {"$numberDecimal": "10.5"}}, {"_id": {"$oid": "6625278db6cf3a169c591388"}, "code": "SampleCode2", "rate": {"$numberDecimal": "8.2"}}, {"_id": {"$oid": "6625278db6cf3a169c591389"}, "code": "SampleCode2", "rate": {"$numberDecimal": "4.0"}}]}
15:49:49.363 [main] DEBUG org.mongodb.driver.protocol.command -- Command "insert" succeeded on database "testDatabase" in 46.7834 ms using a connection with driver-generated ID 7 and server-generated ID 279020 to ac-2czifua-shard-00-01.kybkuyh.mongodb.net:27017. The request ID is 14 and the operation ID is 11. Command reply: {"n": 3, "electionId": {"$oid": "7fffffff000000000000008b"}, "opTime": {"ts": {"$timestamp": {"t": 1713710989, "i": 15}}, "t": 139}, "ok": 1.0, "$clusterTime": {"clusterTime": {"$timestamp": {"t": 1713710989, "i": 15}}, "signature": {"hash": {"$binary": {"base64": "FL8VriHPu+Y7fPada8cNX1NWWWI=", "subType": "00"}}, "keyId": 7304290647962288130}}, "operationTime": {"$timestamp": {"t": 1713710989, "i": 15}}}
15:49:49.364 [main] DEBUG org.mongodb.driver.connection -- Connection checked in: address=ac-2czifua-shard-00-01.kybkuyh.mongodb.net:27017, driver-generated ID=7
15:49:49.434 [main] DEBUG org.mongodb.driver.connection -- Checkout started for connection to ac-2czifua-shard-00-01.kybkuyh.mongodb.net:27017
15:49:49.434 [main] DEBUG org.mongodb.driver.connection -- Connection checked out: address=ac-2czifua-shard-00-01.kybkuyh.mongodb.net:27017, driver-generated ID=7, duration=0 ms
15:49:49.437 [main] DEBUG org.mongodb.driver.protocol.command -- Command "find" started on database "testDatabase" using a connection with driver-generated ID 7 and server-generated ID 279020 to ac-2czifua-shard-00-01.kybkuyh.mongodb.net:27017. The request ID is 15 and the operation ID is 12. Command: {"find": "currency", "filter": {"rate": {"$gt": {"$numberDecimal": "5.0"}}}, "$db": "testDatabase", "$clusterTime": {"clusterTime": {"$timestamp": {"t": 1713710989, "i": 15}}, "signature": {"hash": {"$binary": {"base64": "FL8VriHPu+Y7fPada8cNX1NWWWI=", "subType": "00"}}, "keyId": 7304290647962288130}}, "lsid": {"id": {"$binary": {"base64": "ssYMYzdyQsO9JcutxeHr6w==", "subType": "04"}}}}
15:49:49.469 [main] DEBUG org.mongodb.driver.protocol.command -- Command "find" succeeded on database "testDatabase" in 31.3663 ms using a connection with driver-generated ID 7 and server-generated ID 279020 to ac-2czifua-shard-00-01.kybkuyh.mongodb.net:27017. The request ID is 15 and the operation ID is 12. Command reply: {"cursor": {"firstBatch": [{"_id": {"$oid": "6625278db6cf3a169c591387"}, "code": "SampleCode1", "rate": {"$numberDecimal": "10.5"}}, {"_id": {"$oid": "6625278db6cf3a169c591388"}, "code": "SampleCode2", "rate": {"$numberDecimal": "8.2"}}], "id": 0, "ns": "testDatabase.currency"}, "ok": 1.0, "$clusterTime": {"clusterTime": {"$timestamp": {"t": 1713710989, "i": 17}}, "signature": {"hash": {"$binary": {"base64": "FL8VriHPu+Y7fPada8cNX1NWWWI=", "subType": "00"}}, "keyId": 7304290647962288130}}, "operationTime": {"$timestamp": {"t": 1713710989, "i": 17}}}
15:49:49.471 [main] DEBUG org.mongodb.driver.operation -- Received batch of 2 documents with cursorId 0 from server ac-2czifua-shard-00-01.kybkuyh.mongodb.net:27017
15:49:49.473 [main] DEBUG org.mongodb.driver.connection -- Connection checked in: address=ac-2czifua-shard-00-01.kybkuyh.mongodb.net:27017, driver-generated ID=7
]]></system-out>
    <system-err><![CDATA[SLF4J(I): Connected with provider of type [ch.qos.logback.classic.spi.LogbackServiceProvider]
]]></system-err>
  </testcase>
  <testcase name="testProjectedDocumentsQuery" classname="exerciseOneTest.ExerciseOneTest" time="0.143">
    <system-out><![CDATA[15:49:49.515 [main] DEBUG org.mongodb.driver.connection -- Checkout started for connection to ac-2czifua-shard-00-01.kybkuyh.mongodb.net:27017
15:49:49.515 [main] DEBUG org.mongodb.driver.connection -- Connection checked out: address=ac-2czifua-shard-00-01.kybkuyh.mongodb.net:27017, driver-generated ID=7, duration=0 ms
15:49:49.515 [main] DEBUG org.mongodb.driver.operation -- retryWrites set but one or more writeRequests do not support retryable writes
15:49:49.517 [main] DEBUG org.mongodb.driver.protocol.command -- Command "delete" started on database "testDatabase" using a connection with driver-generated ID 7 and server-generated ID 279020 to ac-2czifua-shard-00-01.kybkuyh.mongodb.net:27017. The request ID is 16 and the operation ID is 13. Command: {"delete": "currency", "ordered": true, "writeConcern": {"w": "majority"}, "$db": "testDatabase", "$clusterTime": {"clusterTime": {"$timestamp": {"t": 1713710989, "i": 17}}, "signature": {"hash": {"$binary": {"base64": "FL8VriHPu+Y7fPada8cNX1NWWWI=", "subType": "00"}}, "keyId": 7304290647962288130}}, "lsid": {"id": {"$binary": {"base64": "ssYMYzdyQsO9JcutxeHr6w==", "subType": "04"}}}, "deletes": [{"q": {}, "limit": 0}]}
15:49:49.565 [main] DEBUG org.mongodb.driver.protocol.command -- Command "delete" succeeded on database "testDatabase" in 49.4392 ms using a connection with driver-generated ID 7 and server-generated ID 279020 to ac-2czifua-shard-00-01.kybkuyh.mongodb.net:27017. The request ID is 16 and the operation ID is 13. Command reply: {"n": 3, "electionId": {"$oid": "7fffffff000000000000008b"}, "opTime": {"ts": {"$timestamp": {"t": 1713710989, "i": 21}}, "t": 139}, "ok": 1.0, "$clusterTime": {"clusterTime": {"$timestamp": {"t": 1713710989, "i": 23}}, "signature": {"hash": {"$binary": {"base64": "FL8VriHPu+Y7fPada8cNX1NWWWI=", "subType": "00"}}, "keyId": 7304290647962288130}}, "operationTime": {"$timestamp": {"t": 1713710989, "i": 21}}}
15:49:49.566 [main] DEBUG org.mongodb.driver.connection -- Connection checked in: address=ac-2czifua-shard-00-01.kybkuyh.mongodb.net:27017, driver-generated ID=7
15:49:49.568 [main] DEBUG org.mongodb.driver.connection -- Checkout started for connection to ac-2czifua-shard-00-01.kybkuyh.mongodb.net:27017
15:49:49.568 [main] DEBUG org.mongodb.driver.connection -- Connection checked out: address=ac-2czifua-shard-00-01.kybkuyh.mongodb.net:27017, driver-generated ID=7, duration=0 ms
15:49:49.569 [main] DEBUG org.mongodb.driver.protocol.command -- Command "insert" started on database "testDatabase" using a connection with driver-generated ID 7 and server-generated ID 279020 to ac-2czifua-shard-00-01.kybkuyh.mongodb.net:27017. The request ID is 17 and the operation ID is 14. Command: {"insert": "currency", "ordered": true, "writeConcern": {"w": "majority"}, "txnNumber": 2, "$db": "testDatabase", "$clusterTime": {"clusterTime": {"$timestamp": {"t": 1713710989, "i": 23}}, "signature": {"hash": {"$binary": {"base64": "FL8VriHPu+Y7fPada8cNX1NWWWI=", "subType": "00"}}, "keyId": 7304290647962288130}}, "lsid": {"id": {"$binary": {"base64": "ssYMYzdyQsO9JcutxeHr6w==", "subType": "04"}}}, "documents": [{"_id": {"$oid": "6625278db6cf3a169c59138a"}, "code": "SampleCode1", "rate": {"$numberDecimal": "10.5"}}, {"_id": {"$oid": "6625278db6cf3a169c59138b"}, "code": "SampleCode2", "rate": {"$numberDecimal": "8.2"}}, {"_id": {"$oid": "6625278db6cf3a169c59138c"}, "code": "SampleCode3", "rate": {"$numberDecimal": "7.0"}}]}
15:49:49.612 [main] DEBUG org.mongodb.driver.protocol.command -- Command "insert" succeeded on database "testDatabase" in 42.7154 ms using a connection with driver-generated ID 7 and server-generated ID 279020 to ac-2czifua-shard-00-01.kybkuyh.mongodb.net:27017. The request ID is 17 and the operation ID is 14. Command reply: {"n": 3, "electionId": {"$oid": "7fffffff000000000000008b"}, "opTime": {"ts": {"$timestamp": {"t": 1713710989, "i": 28}}, "t": 139}, "ok": 1.0, "$clusterTime": {"clusterTime": {"$timestamp": {"t": 1713710989, "i": 28}}, "signature": {"hash": {"$binary": {"base64": "FL8VriHPu+Y7fPada8cNX1NWWWI=", "subType": "00"}}, "keyId": 7304290647962288130}}, "operationTime": {"$timestamp": {"t": 1713710989, "i": 28}}}
15:49:49.613 [main] DEBUG org.mongodb.driver.connection -- Connection checked in: address=ac-2czifua-shard-00-01.kybkuyh.mongodb.net:27017, driver-generated ID=7
15:49:49.620 [main] DEBUG org.mongodb.driver.connection -- Checkout started for connection to ac-2czifua-shard-00-01.kybkuyh.mongodb.net:27017
15:49:49.621 [main] DEBUG org.mongodb.driver.connection -- Connection checked out: address=ac-2czifua-shard-00-01.kybkuyh.mongodb.net:27017, driver-generated ID=7, duration=0 ms
15:49:49.622 [main] DEBUG org.mongodb.driver.protocol.command -- Command "find" started on database "testDatabase" using a connection with driver-generated ID 7 and server-generated ID 279020 to ac-2czifua-shard-00-01.kybkuyh.mongodb.net:27017. The request ID is 18 and the operation ID is 15. Command: {"find": "currency", "filter": {}, "projection": {"code": 1, "rate": 1, "_id": 0}, "$db": "testDatabase", "$clusterTime": {"clusterTime": {"$timestamp": {"t": 1713710989, "i": 28}}, "signature": {"hash": {"$binary": {"base64": "FL8VriHPu+Y7fPada8cNX1NWWWI=", "subType": "00"}}, "keyId": 7304290647962288130}}, "lsid": {"id": {"$binary": {"base64": "ssYMYzdyQsO9JcutxeHr6w==", "subType": "04"}}}}
15:49:49.651 [main] DEBUG org.mongodb.driver.protocol.command -- Command "find" succeeded on database "testDatabase" in 28.901 ms using a connection with driver-generated ID 7 and server-generated ID 279020 to ac-2czifua-shard-00-01.kybkuyh.mongodb.net:27017. The request ID is 18 and the operation ID is 15. Command reply: {"cursor": {"firstBatch": [{"code": "SampleCode1", "rate": {"$numberDecimal": "10.5"}}, {"code": "SampleCode2", "rate": {"$numberDecimal": "8.2"}}, {"code": "SampleCode3", "rate": {"$numberDecimal": "7.0"}}], "id": 0, "ns": "testDatabase.currency"}, "ok": 1.0, "$clusterTime": {"clusterTime": {"$timestamp": {"t": 1713710989, "i": 32}}, "signature": {"hash": {"$binary": {"base64": "FL8VriHPu+Y7fPada8cNX1NWWWI=", "subType": "00"}}, "keyId": 7304290647962288130}}, "operationTime": {"$timestamp": {"t": 1713710989, "i": 32}}}
15:49:49.651 [main] DEBUG org.mongodb.driver.operation -- Received batch of 3 documents with cursorId 0 from server ac-2czifua-shard-00-01.kybkuyh.mongodb.net:27017
15:49:49.651 [main] DEBUG org.mongodb.driver.connection -- Connection checked in: address=ac-2czifua-shard-00-01.kybkuyh.mongodb.net:27017, driver-generated ID=7
| Code                 | Rate                 |
|----------------------|----------------------|
| SampleCode1          | 10.5                 |
| SampleCode2          | 8.2                  |
| SampleCode3          | 7.0                  |

]]></system-out>
  </testcase>
  <testcase name="testGroupedDocumentsQuery" classname="exerciseOneTest.ExerciseOneTest" time="0.146">
    <system-out><![CDATA[15:49:49.658 [main] DEBUG org.mongodb.driver.connection -- Checkout started for connection to ac-2czifua-shard-00-01.kybkuyh.mongodb.net:27017
15:49:49.658 [main] DEBUG org.mongodb.driver.connection -- Connection checked out: address=ac-2czifua-shard-00-01.kybkuyh.mongodb.net:27017, driver-generated ID=7, duration=0 ms
15:49:49.658 [main] DEBUG org.mongodb.driver.operation -- retryWrites set but one or more writeRequests do not support retryable writes
15:49:49.659 [main] DEBUG org.mongodb.driver.protocol.command -- Command "delete" started on database "testDatabase" using a connection with driver-generated ID 7 and server-generated ID 279020 to ac-2czifua-shard-00-01.kybkuyh.mongodb.net:27017. The request ID is 19 and the operation ID is 16. Command: {"delete": "currency", "ordered": true, "writeConcern": {"w": "majority"}, "$db": "testDatabase", "$clusterTime": {"clusterTime": {"$timestamp": {"t": 1713710989, "i": 32}}, "signature": {"hash": {"$binary": {"base64": "FL8VriHPu+Y7fPada8cNX1NWWWI=", "subType": "00"}}, "keyId": 7304290647962288130}}, "lsid": {"id": {"$binary": {"base64": "ssYMYzdyQsO9JcutxeHr6w==", "subType": "04"}}}, "deletes": [{"q": {}, "limit": 0}]}
15:49:49.698 [main] DEBUG org.mongodb.driver.protocol.command -- Command "delete" succeeded on database "testDatabase" in 39.0429 ms using a connection with driver-generated ID 7 and server-generated ID 279020 to ac-2czifua-shard-00-01.kybkuyh.mongodb.net:27017. The request ID is 19 and the operation ID is 16. Command reply: {"n": 3, "electionId": {"$oid": "7fffffff000000000000008b"}, "opTime": {"ts": {"$timestamp": {"t": 1713710989, "i": 34}}, "t": 139}, "ok": 1.0, "$clusterTime": {"clusterTime": {"$timestamp": {"t": 1713710989, "i": 36}}, "signature": {"hash": {"$binary": {"base64": "FL8VriHPu+Y7fPada8cNX1NWWWI=", "subType": "00"}}, "keyId": 7304290647962288130}}, "operationTime": {"$timestamp": {"t": 1713710989, "i": 34}}}
15:49:49.699 [main] DEBUG org.mongodb.driver.connection -- Connection checked in: address=ac-2czifua-shard-00-01.kybkuyh.mongodb.net:27017, driver-generated ID=7
15:49:49.701 [main] DEBUG org.mongodb.driver.connection -- Checkout started for connection to ac-2czifua-shard-00-01.kybkuyh.mongodb.net:27017
15:49:49.701 [main] DEBUG org.mongodb.driver.connection -- Connection checked out: address=ac-2czifua-shard-00-01.kybkuyh.mongodb.net:27017, driver-generated ID=7, duration=0 ms
15:49:49.702 [main] DEBUG org.mongodb.driver.protocol.command -- Command "insert" started on database "testDatabase" using a connection with driver-generated ID 7 and server-generated ID 279020 to ac-2czifua-shard-00-01.kybkuyh.mongodb.net:27017. The request ID is 20 and the operation ID is 17. Command: {"insert": "currency", "ordered": true, "writeConcern": {"w": "majority"}, "txnNumber": 3, "$db": "testDatabase", "$clusterTime": {"clusterTime": {"$timestamp": {"t": 1713710989, "i": 36}}, "signature": {"hash": {"$binary": {"base64": "FL8VriHPu+Y7fPada8cNX1NWWWI=", "subType": "00"}}, "keyId": 7304290647962288130}}, "lsid": {"id": {"$binary": {"base64": "ssYMYzdyQsO9JcutxeHr6w==", "subType": "04"}}}, "documents": [{"_id": {"$oid": "6625278db6cf3a169c59138d"}, "code": "SampleCode1", "rate": {"$numberDecimal": "10.5"}}, {"_id": {"$oid": "6625278db6cf3a169c59138e"}, "code": "SampleCode2", "rate": {"$numberDecimal": "8.2"}}, {"_id": {"$oid": "6625278db6cf3a169c59138f"}, "code": "SampleCode3", "rate": {"$numberDecimal": "7.0"}}, {"_id": {"$oid": "6625278db6cf3a169c591390"}, "code": "SampleCode4", "rate": {"$numberDecimal": "5.5"}}]}
15:49:49.738 [main] DEBUG org.mongodb.driver.protocol.command -- Command "insert" succeeded on database "testDatabase" in 36.4644 ms using a connection with driver-generated ID 7 and server-generated ID 279020 to ac-2czifua-shard-00-01.kybkuyh.mongodb.net:27017. The request ID is 20 and the operation ID is 17. Command reply: {"n": 4, "electionId": {"$oid": "7fffffff000000000000008b"}, "opTime": {"ts": {"$timestamp": {"t": 1713710989, "i": 41}}, "t": 139}, "ok": 1.0, "$clusterTime": {"clusterTime": {"$timestamp": {"t": 1713710989, "i": 41}}, "signature": {"hash": {"$binary": {"base64": "FL8VriHPu+Y7fPada8cNX1NWWWI=", "subType": "00"}}, "keyId": 7304290647962288130}}, "operationTime": {"$timestamp": {"t": 1713710989, "i": 41}}}
15:49:49.739 [main] DEBUG org.mongodb.driver.connection -- Connection checked in: address=ac-2czifua-shard-00-01.kybkuyh.mongodb.net:27017, driver-generated ID=7
15:49:49.759 [main] DEBUG org.mongodb.driver.connection -- Checkout started for connection to ac-2czifua-shard-00-01.kybkuyh.mongodb.net:27017
15:49:49.759 [main] DEBUG org.mongodb.driver.connection -- Connection checked out: address=ac-2czifua-shard-00-01.kybkuyh.mongodb.net:27017, driver-generated ID=7, duration=0 ms
15:49:49.760 [main] DEBUG org.mongodb.driver.protocol.command -- Command "aggregate" started on database "testDatabase" using a connection with driver-generated ID 7 and server-generated ID 279020 to ac-2czifua-shard-00-01.kybkuyh.mongodb.net:27017. The request ID is 21 and the operation ID is 18. Command: {"aggregate": "currency", "pipeline": [{"$group": {"_id": {"$substr": ["$code", 0, 1]}, "averageRate": {"$avg": "$rate"}}}], "cursor": {}, "$db": "testDatabase", "$clusterTime": {"clusterTime": {"$timestamp": {"t": 1713710989, "i": 41}}, "signature": {"hash": {"$binary": {"base64": "FL8VriHPu+Y7fPada8cNX1NWWWI=", "subType": "00"}}, "keyId": 7304290647962288130}}, "lsid": {"id": {"$binary": {"base64": "ssYMYzdyQsO9JcutxeHr6w==", "subType": "04"}}}}
15:49:49.798 [main] DEBUG org.mongodb.driver.protocol.command -- Command "aggregate" succeeded on database "testDatabase" in 38.0725 ms using a connection with driver-generated ID 7 and server-generated ID 279020 to ac-2czifua-shard-00-01.kybkuyh.mongodb.net:27017. The request ID is 21 and the operation ID is 18. Command reply: {"cursor": {"firstBatch": [{"_id": "S", "averageRate": {"$numberDecimal": "7.8"}}], "id": 0, "ns": "testDatabase.currency"}, "ok": 1.0, "$clusterTime": {"clusterTime": {"$timestamp": {"t": 1713710989, "i": 43}}, "signature": {"hash": {"$binary": {"base64": "FL8VriHPu+Y7fPada8cNX1NWWWI=", "subType": "00"}}, "keyId": 7304290647962288130}}, "operationTime": {"$timestamp": {"t": 1713710989, "i": 43}}}
15:49:49.799 [main] DEBUG org.mongodb.driver.operation -- Received batch of 1 documents with cursorId 0 from server ac-2czifua-shard-00-01.kybkuyh.mongodb.net:27017
15:49:49.799 [main] DEBUG org.mongodb.driver.connection -- Connection checked in: address=ac-2czifua-shard-00-01.kybkuyh.mongodb.net:27017, driver-generated ID=7
| Id                   | Average Rate         |
|----------------------|----------------------|
| S                    | 7.8                  |

]]></system-out>
  </testcase>
  <testcase name="testAllDocumentsQuery" classname="exerciseOneTest.ExerciseOneTest" time="0.13">
    <failure message="expected: &lt;true&gt; but was: &lt;false&gt;" type="org.opentest4j.AssertionFailedError"><![CDATA[org.opentest4j.AssertionFailedError: expected: <true> but was: <false>
	at org.junit.jupiter.api.AssertionFailureBuilder.build(AssertionFailureBuilder.java:151)
	at org.junit.jupiter.api.AssertionFailureBuilder.buildAndThrow(AssertionFailureBuilder.java:132)
	at org.junit.jupiter.api.AssertTrue.failNotTrue(AssertTrue.java:63)
	at org.junit.jupiter.api.AssertTrue.assertTrue(AssertTrue.java:36)
	at org.junit.jupiter.api.AssertTrue.assertTrue(AssertTrue.java:31)
	at org.junit.jupiter.api.Assertions.assertTrue(Assertions.java:183)
	at org.codehaus.groovy.vmplugin.v8.IndyInterface.fromCache(IndyInterface.java:318)
	at exerciseOneTest.ExerciseOneTest.testAllDocumentsQuery(ExerciseOneTest.groovy:44)
	at java.base/java.lang.reflect.Method.invoke(Method.java:580)
	at java.base/java.util.ArrayList.forEach(ArrayList.java:1596)
	at java.base/java.util.ArrayList.forEach(ArrayList.java:1596)
]]></failure>
    <system-out><![CDATA[15:49:49.806 [main] DEBUG org.mongodb.driver.connection -- Checkout started for connection to ac-2czifua-shard-00-01.kybkuyh.mongodb.net:27017
15:49:49.806 [main] DEBUG org.mongodb.driver.connection -- Connection checked out: address=ac-2czifua-shard-00-01.kybkuyh.mongodb.net:27017, driver-generated ID=7, duration=0 ms
15:49:49.806 [main] DEBUG org.mongodb.driver.operation -- retryWrites set but one or more writeRequests do not support retryable writes
15:49:49.807 [main] DEBUG org.mongodb.driver.protocol.command -- Command "delete" started on database "testDatabase" using a connection with driver-generated ID 7 and server-generated ID 279020 to ac-2czifua-shard-00-01.kybkuyh.mongodb.net:27017. The request ID is 22 and the operation ID is 19. Command: {"delete": "currency", "ordered": true, "writeConcern": {"w": "majority"}, "$db": "testDatabase", "$clusterTime": {"clusterTime": {"$timestamp": {"t": 1713710989, "i": 43}}, "signature": {"hash": {"$binary": {"base64": "FL8VriHPu+Y7fPada8cNX1NWWWI=", "subType": "00"}}, "keyId": 7304290647962288130}}, "lsid": {"id": {"$binary": {"base64": "ssYMYzdyQsO9JcutxeHr6w==", "subType": "04"}}}, "deletes": [{"q": {}, "limit": 0}]}
15:49:49.838 [main] DEBUG org.mongodb.driver.protocol.command -- Command "delete" succeeded on database "testDatabase" in 30.8566 ms using a connection with driver-generated ID 7 and server-generated ID 279020 to ac-2czifua-shard-00-01.kybkuyh.mongodb.net:27017. The request ID is 22 and the operation ID is 19. Command reply: {"n": 4, "electionId": {"$oid": "7fffffff000000000000008b"}, "opTime": {"ts": {"$timestamp": {"t": 1713710989, "i": 45}}, "t": 139}, "ok": 1.0, "$clusterTime": {"clusterTime": {"$timestamp": {"t": 1713710989, "i": 48}}, "signature": {"hash": {"$binary": {"base64": "FL8VriHPu+Y7fPada8cNX1NWWWI=", "subType": "00"}}, "keyId": 7304290647962288130}}, "operationTime": {"$timestamp": {"t": 1713710989, "i": 45}}}
15:49:49.838 [main] DEBUG org.mongodb.driver.connection -- Connection checked in: address=ac-2czifua-shard-00-01.kybkuyh.mongodb.net:27017, driver-generated ID=7
15:49:49.840 [main] DEBUG org.mongodb.driver.connection -- Checkout started for connection to ac-2czifua-shard-00-01.kybkuyh.mongodb.net:27017
15:49:49.840 [main] DEBUG org.mongodb.driver.connection -- Connection checked out: address=ac-2czifua-shard-00-01.kybkuyh.mongodb.net:27017, driver-generated ID=7, duration=0 ms
15:49:49.841 [main] DEBUG org.mongodb.driver.protocol.command -- Command "insert" started on database "testDatabase" using a connection with driver-generated ID 7 and server-generated ID 279020 to ac-2czifua-shard-00-01.kybkuyh.mongodb.net:27017. The request ID is 23 and the operation ID is 20. Command: {"insert": "currency", "ordered": true, "writeConcern": {"w": "majority"}, "txnNumber": 4, "$db": "testDatabase", "$clusterTime": {"clusterTime": {"$timestamp": {"t": 1713710989, "i": 48}}, "signature": {"hash": {"$binary": {"base64": "FL8VriHPu+Y7fPada8cNX1NWWWI=", "subType": "00"}}, "keyId": 7304290647962288130}}, "lsid": {"id": {"$binary": {"base64": "ssYMYzdyQsO9JcutxeHr6w==", "subType": "04"}}}, "documents": [{"_id": {"$oid": "6625278db6cf3a169c591391"}, "code": "SampleCode1", "rate": {"$numberDecimal": "10.5"}}, {"_id": {"$oid": "6625278db6cf3a169c591392"}, "code": "SampleCode2", "rate": {"$numberDecimal": "8.2"}}]}
15:49:49.872 [main] DEBUG org.mongodb.driver.protocol.command -- Command "insert" succeeded on database "testDatabase" in 31.5457 ms using a connection with driver-generated ID 7 and server-generated ID 279020 to ac-2czifua-shard-00-01.kybkuyh.mongodb.net:27017. The request ID is 23 and the operation ID is 20. Command reply: {"n": 2, "electionId": {"$oid": "7fffffff000000000000008b"}, "opTime": {"ts": {"$timestamp": {"t": 1713710989, "i": 52}}, "t": 139}, "ok": 1.0, "$clusterTime": {"clusterTime": {"$timestamp": {"t": 1713710989, "i": 52}}, "signature": {"hash": {"$binary": {"base64": "FL8VriHPu+Y7fPada8cNX1NWWWI=", "subType": "00"}}, "keyId": 7304290647962288130}}, "operationTime": {"$timestamp": {"t": 1713710989, "i": 52}}}
15:49:49.873 [main] DEBUG org.mongodb.driver.connection -- Connection checked in: address=ac-2czifua-shard-00-01.kybkuyh.mongodb.net:27017, driver-generated ID=7
15:49:49.875 [main] DEBUG org.mongodb.driver.connection -- Checkout started for connection to ac-2czifua-shard-00-01.kybkuyh.mongodb.net:27017
15:49:49.875 [main] DEBUG org.mongodb.driver.connection -- Connection checked out: address=ac-2czifua-shard-00-01.kybkuyh.mongodb.net:27017, driver-generated ID=7, duration=0 ms
15:49:49.876 [main] DEBUG org.mongodb.driver.protocol.command -- Command "find" started on database "testDatabase" using a connection with driver-generated ID 7 and server-generated ID 279020 to ac-2czifua-shard-00-01.kybkuyh.mongodb.net:27017. The request ID is 24 and the operation ID is 21. Command: {"find": "currency", "filter": {}, "$db": "testDatabase", "$clusterTime": {"clusterTime": {"$timestamp": {"t": 1713710989, "i": 52}}, "signature": {"hash": {"$binary": {"base64": "FL8VriHPu+Y7fPada8cNX1NWWWI=", "subType": "00"}}, "keyId": 7304290647962288130}}, "lsid": {"id": {"$binary": {"base64": "ssYMYzdyQsO9JcutxeHr6w==", "subType": "04"}}}}
15:49:49.906 [main] DEBUG org.mongodb.driver.protocol.command -- Command "find" succeeded on database "testDatabase" in 28.0091 ms using a connection with driver-generated ID 7 and server-generated ID 279020 to ac-2czifua-shard-00-01.kybkuyh.mongodb.net:27017. The request ID is 24 and the operation ID is 21. Command reply: {"cursor": {"firstBatch": [{"_id": {"$oid": "6625278db6cf3a169c591391"}, "code": "SampleCode1", "rate": {"$numberDecimal": "10.5"}}, {"_id": {"$oid": "6625278db6cf3a169c591392"}, "code": "SampleCode2", "rate": {"$numberDecimal": "8.2"}}], "id": 0, "ns": "testDatabase.currency"}, "ok": 1.0, "$clusterTime": {"clusterTime": {"$timestamp": {"t": 1713710989, "i": 52}}, "signature": {"hash": {"$binary": {"base64": "FL8VriHPu+Y7fPada8cNX1NWWWI=", "subType": "00"}}, "keyId": 7304290647962288130}}, "operationTime": {"$timestamp": {"t": 1713710989, "i": 52}}}
15:49:49.906 [main] DEBUG org.mongodb.driver.operation -- Received batch of 2 documents with cursorId 0 from server ac-2czifua-shard-00-01.kybkuyh.mongodb.net:27017
15:49:49.906 [main] DEBUG org.mongodb.driver.connection -- Connection checked in: address=ac-2czifua-shard-00-01.kybkuyh.mongodb.net:27017, driver-generated ID=7
[{"code":"SampleCode1","rate":10.5},{"code":"SampleCode2","rate":8.2}]
]]></system-out>
  </testcase>
</testsuite>